<?xml version="1.0" encoding="UTF-8"?>
<testsuite xmlns:xsi="http://www.w3.org/2001/XMLSchema-instance" xsi:noNamespaceSchemaLocation="https://maven.apache.org/surefire/maven-surefire-plugin/xsd/surefire-test-report-3.0.xsd" version="3.0" name="TestSuite" time="17.65" tests="7" errors="0" skipped="0" failures="3">
  <properties>
[...]
</properties>
  <testcase name="validLogin" classname="MainPageTests" time="0.214"/>
  <testcase name="paginationTest" classname="MainPageTests" time="9.486"/>
  <testcase name="searchForValidDifferent" classname="MainPageTests" time="0.578"/>
  <testcase name="searchForOInValidDifferent" classname="MainPageTests" time="0.661">
    <failure message="The following asserts failed:&#10;	expected [Ðš Ñ�Ð¾Ð¶Ð°Ð»ÐµÐ½Ð¸ÑŽ, Ð¿Ð¾ Ð·Ð°Ð¿Ñ€Ð¾Ñ�Ñƒ &quot;ZAZ&quot; Ð½Ð¸Ñ‡ÐµÐ³Ð¾ Ð½Ðµ Ð½Ð°Ð¹Ð´ÐµÐ½Ð¾.&#10;Ð¡Ð²Ñ�Ð¶Ð¸Ñ‚ÐµÑ�ÑŒ, Ð¿Ð¾Ð¶Ð°Ð»ÑƒÐ¹Ñ�Ñ‚Ð°, Ñ� Ð½Ð°ÑˆÐ¸Ð¼Ð¸ Ñ�Ð¿ÐµÑ†Ð¸Ð°Ð»Ð¸Ñ�Ñ‚Ð°Ð¼Ð¸ Ð¿Ð¾ ÑƒÐºÐ°Ð·Ð°Ð½Ð½Ñ‹Ð¼ Ð²Ñ‹ÑˆÐµ Ñ‚ÐµÐ»ÐµÑ„Ð¾Ð½Ð°Ð¼.] but found [К сожалению, по запросу &quot;ZAZ&quot; ничего не найдено.&#10;Свяжитесь, пожалуйста, с нашими специалистами по указанным выше телефонам.]" type="java.lang.AssertionError">java.lang.AssertionError: 
The following asserts failed:
	expected [Ðš Ñ�Ð¾Ð¶Ð°Ð»ÐµÐ½Ð¸ÑŽ, Ð¿Ð¾ Ð·Ð°Ð¿Ñ€Ð¾Ñ�Ñƒ "ZAZ" Ð½Ð¸Ñ‡ÐµÐ³Ð¾ Ð½Ðµ Ð½Ð°Ð¹Ð´ÐµÐ½Ð¾.
Ð¡Ð²Ñ�Ð¶Ð¸Ñ‚ÐµÑ�ÑŒ, Ð¿Ð¾Ð¶Ð°Ð»ÑƒÐ¹Ñ�Ñ‚Ð°, Ñ� Ð½Ð°ÑˆÐ¸Ð¼Ð¸ Ñ�Ð¿ÐµÑ†Ð¸Ð°Ð»Ð¸Ñ�Ñ‚Ð°Ð¼Ð¸ Ð¿Ð¾ ÑƒÐºÐ°Ð·Ð°Ð½Ð½Ñ‹Ð¼ Ð²Ñ‹ÑˆÐµ Ñ‚ÐµÐ»ÐµÑ„Ð¾Ð½Ð°Ð¼.] but found [К сожалению, по запросу "ZAZ" ничего не найдено.
Свяжитесь, пожалуйста, с нашими специалистами по указанным выше телефонам.]
	at MainPageTests.searchForOInValidDifferent(MainPageTests.java:60)
</failure>
    <system-out><![CDATA[18:00:25.626 [main] ERROR Utils.Reporter - Test has failed
18:00:25.756 [main] ERROR Utils.Reporter - No errors were found
]]></system-out>
    <system-err><![CDATA[Nov 23, 2021 6:00:25 PM org.openqa.selenium.remote.Augmenter extractRemoteWebDriver
WARNING: Augmenter should be applied to the instances of @Augmentable classes or previously augmented instances only (instance class was: class org.openqa.selenium.chrome.ChromeDriver)
Nov 23, 2021 6:00:25 PM org.openqa.selenium.remote.Augmenter extractRemoteWebDriver
WARNING: Augmenter should be applied to the instances of @Augmentable classes or previously augmented instances only (instance class was: class org.openqa.selenium.chrome.ChromeDriver)
]]></system-err>
  </testcase>
  <testcase name="selectingRandomCategory" classname="MainPageTests" time="2.092"/>
  <testcase name="loginOut" classname="MainPageTests" time="0.14">
    <failure message="no such element: Unable to locate element: {&quot;method&quot;:&quot;xpath&quot;,&quot;selector&quot;:&quot;//a[text()=&apos;Ð’Ñ‹Ñ…Ð¾Ð´&apos;]&quot;}&#10;  (Session info: chrome=96.0.4664.45)&#10;For documentation on this error, please visit: https://www.seleniumhq.org/exceptions/no_such_element.html&#10;Build info: version: &apos;4.0.0-alpha-3&apos;, revision: &apos;8c567de6dc&apos;&#10;System info: host: &apos;A030320&apos;, ip: &apos;172.30.96.1&apos;, os.name: &apos;Windows 10&apos;, os.arch: &apos;amd64&apos;, os.version: &apos;10.0&apos;, java.version: &apos;9.0.4&apos;&#10;Driver info: org.openqa.selenium.chrome.ChromeDriver&#10;Capabilities {acceptInsecureCerts: false, browserName: chrome, browserVersion: 96.0.4664.45, chrome: {chromedriverVersion: 96.0.4664.45 (76e4c1bb2ab46..., userDataDir: C:\Windows\TEMP\scoped_dir1...}, goog:chromeOptions: {debuggerAddress: localhost:1165}, javascriptEnabled: true, networkConnectionEnabled: false, pageLoadStrategy: normal, platform: WINDOWS, platformName: WINDOWS, proxy: Proxy(), setWindowRect: true, strictFileInteractability: false, timeouts: {implicit: 0, pageLoad: 300000, script: 30000}, unhandledPromptBehavior: dismiss and notify, webauthn:extension:credBlob: true, webauthn:extension:largeBlob: true, webauthn:virtualAuthenticators: true}&#10;Session ID: 5025ccf8cfb78180ff0a8a6ce9a9d339&#10;*** Element info: {Using=xpath, value=//a[text()=&apos;Ð’Ñ‹Ñ…Ð¾Ð´&apos;]}" type="org.openqa.selenium.NoSuchElementException">org.openqa.selenium.NoSuchElementException: 
no such element: Unable to locate element: {"method":"xpath","selector":"//a[text()='Ð’Ñ‹Ñ…Ð¾Ð´']"}
  (Session info: chrome=96.0.4664.45)
For documentation on this error, please visit: https://www.seleniumhq.org/exceptions/no_such_element.html
Build info: version: '4.0.0-alpha-3', revision: '8c567de6dc'
System info: host: 'A030320', ip: '172.30.96.1', os.name: 'Windows 10', os.arch: 'amd64', os.version: '10.0', java.version: '9.0.4'
Driver info: org.openqa.selenium.chrome.ChromeDriver
Capabilities {acceptInsecureCerts: false, browserName: chrome, browserVersion: 96.0.4664.45, chrome: {chromedriverVersion: 96.0.4664.45 (76e4c1bb2ab46..., userDataDir: C:\Windows\TEMP\scoped_dir1...}, goog:chromeOptions: {debuggerAddress: localhost:1165}, javascriptEnabled: true, networkConnectionEnabled: false, pageLoadStrategy: normal, platform: WINDOWS, platformName: WINDOWS, proxy: Proxy(), setWindowRect: true, strictFileInteractability: false, timeouts: {implicit: 0, pageLoad: 300000, script: 30000}, unhandledPromptBehavior: dismiss and notify, webauthn:extension:credBlob: true, webauthn:extension:largeBlob: true, webauthn:virtualAuthenticators: true}
Session ID: 5025ccf8cfb78180ff0a8a6ce9a9d339
*** Element info: {Using=xpath, value=//a[text()='Ð’Ñ‹Ñ…Ð¾Ð´']}
	at MainPageTests.loginOut(MainPageTests.java:94)
</failure>
    <system-out><![CDATA[18:00:27.976 [main] ERROR Utils.Reporter - Test has failed
18:00:28.060 [main] ERROR Utils.Reporter - No errors were found
]]></system-out>
    <system-err><![CDATA[Nov 23, 2021 6:00:27 PM org.openqa.selenium.remote.Augmenter extractRemoteWebDriver
WARNING: Augmenter should be applied to the instances of @Augmentable classes or previously augmented instances only (instance class was: class org.openqa.selenium.chrome.ChromeDriver)
Nov 23, 2021 6:00:28 PM org.openqa.selenium.remote.Augmenter extractRemoteWebDriver
WARNING: Augmenter should be applied to the instances of @Augmentable classes or previously augmented instances only (instance class was: class org.openqa.selenium.chrome.ChromeDriver)
]]></system-err>
  </testcase>
  <testcase name="negativeLogInTest" classname="MainPageTests" time="0.155">
    <failure message="element not interactable&#10;  (Session info: chrome=96.0.4664.45)&#10;Build info: version: &apos;4.0.0-alpha-3&apos;, revision: &apos;8c567de6dc&apos;&#10;System info: host: &apos;A030320&apos;, ip: &apos;172.30.96.1&apos;, os.name: &apos;Windows 10&apos;, os.arch: &apos;amd64&apos;, os.version: &apos;10.0&apos;, java.version: &apos;9.0.4&apos;&#10;Driver info: org.openqa.selenium.chrome.ChromeDriver&#10;Capabilities {acceptInsecureCerts: false, browserName: chrome, browserVersion: 96.0.4664.45, chrome: {chromedriverVersion: 96.0.4664.45 (76e4c1bb2ab46..., userDataDir: C:\Windows\TEMP\scoped_dir1...}, goog:chromeOptions: {debuggerAddress: localhost:1165}, javascriptEnabled: true, networkConnectionEnabled: false, pageLoadStrategy: normal, platform: WINDOWS, platformName: WINDOWS, proxy: Proxy(), setWindowRect: true, strictFileInteractability: false, timeouts: {implicit: 0, pageLoad: 300000, script: 30000}, unhandledPromptBehavior: dismiss and notify, webauthn:extension:credBlob: true, webauthn:extension:largeBlob: true, webauthn:virtualAuthenticators: true}&#10;Session ID: 5025ccf8cfb78180ff0a8a6ce9a9d339" type="org.openqa.selenium.ElementNotInteractableException">org.openqa.selenium.ElementNotInteractableException: 
element not interactable
  (Session info: chrome=96.0.4664.45)
Build info: version: '4.0.0-alpha-3', revision: '8c567de6dc'
System info: host: 'A030320', ip: '172.30.96.1', os.name: 'Windows 10', os.arch: 'amd64', os.version: '10.0', java.version: '9.0.4'
Driver info: org.openqa.selenium.chrome.ChromeDriver
Capabilities {acceptInsecureCerts: false, browserName: chrome, browserVersion: 96.0.4664.45, chrome: {chromedriverVersion: 96.0.4664.45 (76e4c1bb2ab46..., userDataDir: C:\Windows\TEMP\scoped_dir1...}, goog:chromeOptions: {debuggerAddress: localhost:1165}, javascriptEnabled: true, networkConnectionEnabled: false, pageLoadStrategy: normal, platform: WINDOWS, platformName: WINDOWS, proxy: Proxy(), setWindowRect: true, strictFileInteractability: false, timeouts: {implicit: 0, pageLoad: 300000, script: 30000}, unhandledPromptBehavior: dismiss and notify, webauthn:extension:credBlob: true, webauthn:extension:largeBlob: true, webauthn:virtualAuthenticators: true}
Session ID: 5025ccf8cfb78180ff0a8a6ce9a9d339
	at MainPageTests.negativeLogInTest(MainPageTests.java:104)
</failure>
    <system-out><![CDATA[18:00:28.063 [main] ERROR Utils.Reporter - Test has Failed
18:00:28.144 [main] ERROR Utils.Reporter - Test has failed
18:00:28.246 [main] ERROR Utils.Reporter - No errors were found
]]></system-out>
    <system-err><![CDATA[Nov 23, 2021 6:00:28 PM org.openqa.selenium.remote.Augmenter extractRemoteWebDriver
WARNING: Augmenter should be applied to the instances of @Augmentable classes or previously augmented instances only (instance class was: class org.openqa.selenium.chrome.ChromeDriver)
Nov 23, 2021 6:00:28 PM org.openqa.selenium.remote.Augmenter extractRemoteWebDriver
WARNING: Augmenter should be applied to the instances of @Augmentable classes or previously augmented instances only (instance class was: class org.openqa.selenium.chrome.ChromeDriver)
]]></system-err>
  </testcase>
</testsuite>